  [1m[35m (0.3ms)[0m  [1m[35mCREATE TABLE "schema_migrations" ("version" varchar NOT NULL PRIMARY KEY) /*application='Porfolio'*/[0m
  [1m[35m (0.1ms)[0m  [1m[35mCREATE TABLE "ar_internal_metadata" ("key" varchar NOT NULL PRIMARY KEY, "value" varchar, "created_at" datetime(6) NOT NULL, "updated_at" datetime(6) NOT NULL) /*application='Porfolio'*/[0m
  [1m[36mActiveRecord::InternalMetadata Load (0.1ms)[0m  [1m[34mSELECT * FROM "ar_internal_metadata" WHERE "ar_internal_metadata"."key" = 'environment' ORDER BY "ar_internal_metadata"."key" ASC LIMIT 1 /*application='Porfolio'*/[0m
  [1m[36mActiveRecord::InternalMetadata Create (0.1ms)[0m  [1m[32mINSERT INTO "ar_internal_metadata" ("key", "value", "created_at", "updated_at") VALUES ('environment', 'development', '2025-11-22 12:42:09.891798', '2025-11-22 12:42:09.891800') RETURNING "key" /*application='Porfolio'*/[0m
  [1m[36mActiveRecord::SchemaMigration Load (0.0ms)[0m  [1m[34mSELECT "schema_migrations"."version" FROM "schema_migrations" ORDER BY "schema_migrations"."version" ASC /*application='Porfolio'*/[0m
Started GET "/" for ::1 at 2025-11-22 12:42:17 +0000
  [1m[36mActiveRecord::SchemaMigration Load (0.1ms)[0m  [1m[34mSELECT "schema_migrations"."version" FROM "schema_migrations" ORDER BY "schema_migrations"."version" ASC /*application='Porfolio'*/[0m
Processing by PortfolioController#index as HTML
  Rendering layout layouts/application.html.erb
  Rendering portfolio/index.html.erb within layouts/application
  Rendered portfolio/index.html.erb within layouts/application (Duration: 0.4ms | GC: 0.0ms)
  Rendered layout layouts/application.html.erb (Duration: 10.2ms | GC: 6.5ms)
Completed 200 OK in 58ms (Views: 15.1ms | ActiveRecord: 0.0ms (0 queries, 0 cached) | GC: 6.5ms)


Started GET "/service-worker" for ::1 at 2025-11-22 12:42:18 +0000
  
ActionController::RoutingError (No route matches [GET] "/service-worker"):
  
Started GET "/" for ::1 at 2025-11-22 13:02:36 +0000
Processing by PortfolioController#index as HTML
  Rendering layout layouts/application.html.erb
  Rendering portfolio/index.html.erb within layouts/application
  Rendered portfolio/index.html.erb within layouts/application (Duration: 0.3ms | GC: 0.0ms)
  Rendered layout layouts/application.html.erb (Duration: 2.3ms | GC: 1.2ms)
Completed 200 OK in 16ms (Views: 3.1ms | ActiveRecord: 0.0ms (0 queries, 0 cached) | GC: 1.2ms)


Started GET "/service-worker" for ::1 at 2025-11-22 13:02:38 +0000
  
ActionController::RoutingError (No route matches [GET] "/service-worker"):
  
Started GET "/" for ::1 at 2025-11-22 13:02:57 +0000
Processing by PortfolioController#index as HTML
  Rendering layout layouts/application.html.erb
  Rendering portfolio/index.html.erb within layouts/application
  Rendered portfolio/index.html.erb within layouts/application (Duration: 0.0ms | GC: 0.0ms)
  Rendered layout layouts/application.html.erb (Duration: 0.7ms | GC: 0.0ms)
Completed 200 OK in 20ms (Views: 0.9ms | ActiveRecord: 0.0ms (0 queries, 0 cached) | GC: 0.0ms)


Started GET "/service-worker" for ::1 at 2025-11-22 13:02:58 +0000
  
ActionController::RoutingError (No route matches [GET] "/service-worker"):
  
Started GET "/" for ::1 at 2025-11-22 13:03:57 +0000
Processing by PortfolioController#index as HTML
  Rendering layout layouts/application.html.erb
  Rendering portfolio/index.html.erb within layouts/application
  Rendered portfolio/index.html.erb within layouts/application (Duration: 0.3ms | GC: 0.0ms)
  Rendered layout layouts/application.html.erb (Duration: 1.4ms | GC: 0.0ms)
Completed 500 Internal Server Error in 15ms (ActiveRecord: 0.0ms (0 queries, 0 cached) | GC: 0.0ms)


  
ActionView::Template::Error (The asset 'application.js' was not found in the load path.)
Caused by: Propshaft::MissingAssetError (The asset 'application.js' was not found in the load path.)

Information for: ActionView::Template::Error (The asset 'application.js' was not found in the load path.):
    19: 
    20:     <%# Includes all stylesheet files in app/assets/stylesheets %>
    21:     <%= stylesheet_link_tag :app, "data-turbo-track": "reload" %>
    22:     <%= javascript_include_tag "application", "data-turbo-track": "reload", defer: true %>
    23:   </head>
    24: 
    25:   <body>
  
app/views/layouts/application.html.erb:22

Information for cause: Propshaft::MissingAssetError (The asset 'application.js' was not found in the load path.):
  
app/views/layouts/application.html.erb:22
Started GET "/service-worker" for ::1 at 2025-11-22 13:03:59 +0000
  
ActionController::RoutingError (No route matches [GET] "/service-worker"):
  
Started GET "/" for ::1 at 2025-11-22 13:03:59 +0000
Processing by PortfolioController#index as HTML
  Rendering layout layouts/application.html.erb
  Rendering portfolio/index.html.erb within layouts/application
  Rendered portfolio/index.html.erb within layouts/application (Duration: 0.1ms | GC: 0.0ms)
  Rendered layout layouts/application.html.erb (Duration: 0.7ms | GC: 0.0ms)
Completed 500 Internal Server Error in 14ms (ActiveRecord: 0.0ms (0 queries, 0 cached) | GC: 0.0ms)


  
ActionView::Template::Error (The asset 'application.js' was not found in the load path.)
Caused by: Propshaft::MissingAssetError (The asset 'application.js' was not found in the load path.)

Information for: ActionView::Template::Error (The asset 'application.js' was not found in the load path.):
    19: 
    20:     <%# Includes all stylesheet files in app/assets/stylesheets %>
    21:     <%= stylesheet_link_tag :app, "data-turbo-track": "reload" %>
    22:     <%= javascript_include_tag "application", "data-turbo-track": "reload", defer: true %>
    23:   </head>
    24: 
    25:   <body>
  
app/views/layouts/application.html.erb:22

Information for cause: Propshaft::MissingAssetError (The asset 'application.js' was not found in the load path.):
  
app/views/layouts/application.html.erb:22
Started GET "/service-worker" for ::1 at 2025-11-22 13:04:01 +0000
  
ActionController::RoutingError (No route matches [GET] "/service-worker"):
  
Started GET "/" for ::1 at 2025-11-22 13:04:22 +0000
Processing by PortfolioController#index as HTML
  Rendering layout layouts/application.html.erb
  Rendering portfolio/index.html.erb within layouts/application
  Rendered portfolio/index.html.erb within layouts/application (Duration: 0.0ms | GC: 0.0ms)
  Rendered layout layouts/application.html.erb (Duration: 0.7ms | GC: 0.0ms)
Completed 500 Internal Server Error in 20ms (ActiveRecord: 0.0ms (0 queries, 0 cached) | GC: 0.0ms)


  
ActionView::Template::Error (The asset 'application.js' was not found in the load path.)
Caused by: Propshaft::MissingAssetError (The asset 'application.js' was not found in the load path.)

Information for: ActionView::Template::Error (The asset 'application.js' was not found in the load path.):
    19: 
    20:     <%# Includes all stylesheet files in app/assets/stylesheets %>
    21:     <%= stylesheet_link_tag :app, "data-turbo-track": "reload" %>
    22:     <%= javascript_include_tag "application", "data-turbo-track": "reload", defer: true %>
    23:   </head>
    24: 
    25:   <body>
  
app/views/layouts/application.html.erb:22

Information for cause: Propshaft::MissingAssetError (The asset 'application.js' was not found in the load path.):
  
app/views/layouts/application.html.erb:22
Started GET "/" for ::1 at 2025-11-22 13:04:23 +0000
Processing by PortfolioController#index as HTML
  Rendering layout layouts/application.html.erb
  Rendering portfolio/index.html.erb within layouts/application
  Rendered portfolio/index.html.erb within layouts/application (Duration: 0.1ms | GC: 0.0ms)
  Rendered layout layouts/application.html.erb (Duration: 3.5ms | GC: 2.4ms)
Completed 500 Internal Server Error in 26ms (ActiveRecord: 0.0ms (0 queries, 0 cached) | GC: 3.4ms)


  
ActionView::Template::Error (The asset 'application.js' was not found in the load path.)
Caused by: Propshaft::MissingAssetError (The asset 'application.js' was not found in the load path.)

Information for: ActionView::Template::Error (The asset 'application.js' was not found in the load path.):
    19: 
    20:     <%# Includes all stylesheet files in app/assets/stylesheets %>
    21:     <%= stylesheet_link_tag :app, "data-turbo-track": "reload" %>
    22:     <%= javascript_include_tag "application", "data-turbo-track": "reload", defer: true %>
    23:   </head>
    24: 
    25:   <body>
  
app/views/layouts/application.html.erb:22

Information for cause: Propshaft::MissingAssetError (The asset 'application.js' was not found in the load path.):
  
app/views/layouts/application.html.erb:22
Started GET "/" for ::1 at 2025-11-22 13:04:23 +0000
Processing by PortfolioController#index as HTML
  Rendering layout layouts/application.html.erb
  Rendering portfolio/index.html.erb within layouts/application
  Rendered portfolio/index.html.erb within layouts/application (Duration: 0.0ms | GC: 0.0ms)
  Rendered layout layouts/application.html.erb (Duration: 0.6ms | GC: 0.0ms)
Completed 500 Internal Server Error in 16ms (ActiveRecord: 0.0ms (0 queries, 0 cached) | GC: 0.0ms)


  
ActionView::Template::Error (The asset 'application.js' was not found in the load path.)
Caused by: Propshaft::MissingAssetError (The asset 'application.js' was not found in the load path.)

Information for: ActionView::Template::Error (The asset 'application.js' was not found in the load path.):
    19: 
    20:     <%# Includes all stylesheet files in app/assets/stylesheets %>
    21:     <%= stylesheet_link_tag :app, "data-turbo-track": "reload" %>
    22:     <%= javascript_include_tag "application", "data-turbo-track": "reload", defer: true %>
    23:   </head>
    24: 
    25:   <body>
  
app/views/layouts/application.html.erb:22

Information for cause: Propshaft::MissingAssetError (The asset 'application.js' was not found in the load path.):
  
app/views/layouts/application.html.erb:22
Started GET "/service-worker" for ::1 at 2025-11-22 13:04:24 +0000
  
ActionController::RoutingError (No route matches [GET] "/service-worker"):
  
Started GET "/service-worker" for ::1 at 2025-11-22 13:04:25 +0000
  
ActionController::RoutingError (No route matches [GET] "/service-worker"):
  
Writing application-3c266b1c.js
Writing application-6666fc7e.css
Writing stimulus.min-4b1e420e.js
Writing stimulus-d59b3b7f.js
Writing stimulus.min-2395e199.js.map
Writing stimulus-importmap-autoloader-64cc03e1.js
Writing stimulus-autoloader-9d447422.js
Writing stimulus-loading-1fc53fe7.js
Writing turbo.min-b571832f.js.map
Writing turbo-3bd2ae57.js
Writing turbo.min-ad2c7b86.js
Writing actiontext.esm-f1c04d34.js
Writing actiontext-a4ee937e.js
Writing trix-4b540cb5.js
Writing trix-65afdb1d.css
Writing action_cable-5212cfee.js
Writing actioncable.esm-e0ec9819.js
Writing actioncable-ac25813f.js
Writing activestorage.esm-f2909226.js
Writing activestorage-32201f68.js
Writing rails-ujs.esm-e925103b.js
Writing rails-ujs-20eaf715.js
Started GET "/" for ::1 at 2025-11-22 13:05:18 +0000
  [1m[36mActiveRecord::SchemaMigration Load (0.1ms)[0m  [1m[34mSELECT "schema_migrations"."version" FROM "schema_migrations" ORDER BY "schema_migrations"."version" ASC /*application='Porfolio'*/[0m
Processing by PortfolioController#index as HTML
  Rendering layout layouts/application.html.erb
  Rendering portfolio/index.html.erb within layouts/application
  Rendered portfolio/index.html.erb within layouts/application (Duration: 0.4ms | GC: 0.0ms)
  Rendered layout layouts/application.html.erb (Duration: 11.6ms | GC: 6.4ms)
Completed 200 OK in 34ms (Views: 13.4ms | ActiveRecord: 0.0ms (0 queries, 0 cached) | GC: 7.2ms)


Started GET "/service-worker" for ::1 at 2025-11-22 13:05:20 +0000
  
ActionController::RoutingError (No route matches [GET] "/service-worker"):
  
Started GET "/" for ::1 at 2025-11-22 13:25:45 +0000
Processing by PortfolioController#index as HTML
  Rendering layout layouts/application.html.erb
  Rendering portfolio/index.html.erb within layouts/application
  Rendered portfolio/index.html.erb within layouts/application (Duration: 0.5ms | GC: 0.0ms)
  Rendered layout layouts/application.html.erb (Duration: 6.5ms | GC: 0.0ms)
Completed 200 OK in 24ms (Views: 7.8ms | ActiveRecord: 0.0ms (0 queries, 0 cached) | GC: 0.0ms)


Started GET "/service-worker" for ::1 at 2025-11-22 13:25:46 +0000
  
ActionController::RoutingError (No route matches [GET] "/service-worker"):
  
Started GET "/" for ::1 at 2025-11-22 13:26:14 +0000
Processing by PortfolioController#index as HTML
  Rendering layout layouts/application.html.erb
  Rendering portfolio/index.html.erb within layouts/application
  Rendered portfolio/index.html.erb within layouts/application (Duration: 0.1ms | GC: 0.0ms)
  Rendered layout layouts/application.html.erb (Duration: 1.8ms | GC: 0.0ms)
Completed 200 OK in 25ms (Views: 2.4ms | ActiveRecord: 0.0ms (0 queries, 0 cached) | GC: 0.0ms)


Started GET "/service-worker" for ::1 at 2025-11-22 13:26:16 +0000
  
ActionController::RoutingError (No route matches [GET] "/service-worker"):
  
Started GET "/" for ::1 at 2025-11-22 13:26:28 +0000
Processing by PortfolioController#index as HTML
  Rendering layout layouts/application.html.erb
  Rendering portfolio/index.html.erb within layouts/application
  Rendered portfolio/index.html.erb within layouts/application (Duration: 0.0ms | GC: 0.0ms)
  Rendered layout layouts/application.html.erb (Duration: 0.5ms | GC: 0.0ms)
Completed 200 OK in 21ms (Views: 0.8ms | ActiveRecord: 0.0ms (0 queries, 0 cached) | GC: 0.0ms)


Writing application-c3649ddb.js
Writing application-0a555173.css
Started GET "/" for ::1 at 2025-11-22 13:27:23 +0000
  [1m[36mActiveRecord::SchemaMigration Load (0.1ms)[0m  [1m[34mSELECT "schema_migrations"."version" FROM "schema_migrations" ORDER BY "schema_migrations"."version" ASC /*application='Porfolio'*/[0m
Processing by PortfolioController#index as HTML
  Rendering layout layouts/application.html.erb
  Rendering portfolio/index.html.erb within layouts/application
  Rendered portfolio/index.html.erb within layouts/application (Duration: 0.4ms | GC: 0.0ms)
  Rendered layout layouts/application.html.erb (Duration: 18.6ms | GC: 12.1ms)
Completed 200 OK in 43ms (Views: 21.2ms | ActiveRecord: 0.0ms (0 queries, 0 cached) | GC: 13.2ms)


Started GET "/service-worker" for ::1 at 2025-11-22 13:27:25 +0000
  
ActionController::RoutingError (No route matches [GET] "/service-worker"):
  
Started GET "/" for ::1 at 2025-11-25 11:52:56 +0000
  [1m[36mActiveRecord::SchemaMigration Load (0.1ms)[0m  [1m[34mSELECT "schema_migrations"."version" FROM "schema_migrations" ORDER BY "schema_migrations"."version" ASC /*application='Porfolio'*/[0m
Processing by PortfolioController#index as HTML
  Rendering layout layouts/application.html.erb
  Rendering portfolio/index.html.erb within layouts/application
  Rendered portfolio/index.html.erb within layouts/application (Duration: 0.4ms | GC: 0.0ms)
  Rendered layout layouts/application.html.erb (Duration: 18.1ms | GC: 7.8ms)
Completed 200 OK in 52ms (Views: 21.1ms | ActiveRecord: 0.0ms (0 queries, 0 cached) | GC: 9.4ms)


Started GET "/service-worker" for ::1 at 2025-11-25 11:52:58 +0000
  
ActionController::RoutingError (No route matches [GET] "/service-worker"):
  
Started GET "/" for ::1 at 2025-11-25 12:03:10 +0000
Processing by PortfolioController#index as HTML
  Rendering layout layouts/application.html.erb
  Rendering portfolio/index.html.erb within layouts/application
  Rendered portfolio/index.html.erb within layouts/application (Duration: 0.6ms | GC: 0.0ms)
  Rendered layout layouts/application.html.erb (Duration: 2.8ms | GC: 0.0ms)
Completed 200 OK in 19ms (Views: 3.9ms | ActiveRecord: 0.0ms (0 queries, 0 cached) | GC: 0.0ms)


Started GET "/service-worker" for ::1 at 2025-11-25 12:03:12 +0000
  
ActionController::RoutingError (No route matches [GET] "/service-worker"):
  
Started GET "/" for ::1 at 2025-11-25 12:03:22 +0000
Processing by PortfolioController#index as HTML
  Rendering layout layouts/application.html.erb
  Rendering portfolio/index.html.erb within layouts/application
  Rendered portfolio/index.html.erb within layouts/application (Duration: 0.1ms | GC: 0.0ms)
  Rendered layout layouts/application.html.erb (Duration: 1.0ms | GC: 0.0ms)
Completed 200 OK in 22ms (Views: 1.3ms | ActiveRecord: 0.0ms (0 queries, 0 cached) | GC: 0.0ms)


Started GET "/" for ::1 at 2025-11-25 12:03:23 +0000
Processing by PortfolioController#index as HTML
  Rendering layout layouts/application.html.erb
  Rendering portfolio/index.html.erb within layouts/application
  Rendered portfolio/index.html.erb within layouts/application (Duration: 0.0ms | GC: 0.0ms)
  Rendered layout layouts/application.html.erb (Duration: 0.7ms | GC: 0.0ms)
Completed 200 OK in 25ms (Views: 1.0ms | ActiveRecord: 0.0ms (0 queries, 0 cached) | GC: 0.0ms)


Started GET "/service-worker" for ::1 at 2025-11-25 12:03:24 +0000
  
ActionController::RoutingError (No route matches [GET] "/service-worker"):
  
Started GET "/" for ::1 at 2025-11-25 12:03:46 +0000
Processing by PortfolioController#index as HTML
  Rendering layout layouts/application.html.erb
  Rendering portfolio/index.html.erb within layouts/application
  Rendered portfolio/index.html.erb within layouts/application (Duration: 0.1ms | GC: 0.0ms)
  Rendered layout layouts/application.html.erb (Duration: 0.8ms | GC: 0.0ms)
Completed 200 OK in 18ms (Views: 1.0ms | ActiveRecord: 0.0ms (0 queries, 0 cached) | GC: 0.0ms)


Started GET "/service-worker" for ::1 at 2025-11-25 12:03:48 +0000
  
ActionController::RoutingError (No route matches [GET] "/service-worker"):
  
Started GET "/" for ::1 at 2025-11-25 12:04:04 +0000
  [1m[36mActiveRecord::SchemaMigration Load (0.1ms)[0m  [1m[34mSELECT "schema_migrations"."version" FROM "schema_migrations" ORDER BY "schema_migrations"."version" ASC /*application='Porfolio'*/[0m
Processing by PortfolioController#index as HTML
  Rendering layout layouts/application.html.erb
  Rendering portfolio/index.html.erb within layouts/application
  Rendered portfolio/index.html.erb within layouts/application (Duration: 0.6ms | GC: 0.0ms)
  Rendered layout layouts/application.html.erb (Duration: 16.3ms | GC: 9.5ms)
Completed 200 OK in 48ms (Views: 19.8ms | ActiveRecord: 0.0ms (0 queries, 0 cached) | GC: 11.1ms)


Started GET "/service-worker" for ::1 at 2025-11-25 12:04:06 +0000
  
ActionController::RoutingError (No route matches [GET] "/service-worker"):
  
Started GET "/" for ::1 at 2025-11-25 12:04:22 +0000
Processing by PortfolioController#index as HTML
  Rendering layout layouts/application.html.erb
  Rendering portfolio/index.html.erb within layouts/application
  Rendered portfolio/index.html.erb within layouts/application (Duration: 0.1ms | GC: 0.0ms)
  Rendered layout layouts/application.html.erb (Duration: 2.1ms | GC: 0.0ms)
Completed 200 OK in 27ms (Views: 2.7ms | ActiveRecord: 0.0ms (0 queries, 0 cached) | GC: 0.0ms)


Started GET "/service-worker" for ::1 at 2025-11-25 12:04:23 +0000
  
ActionController::RoutingError (No route matches [GET] "/service-worker"):
  
Started GET "/" for ::1 at 2025-11-25 12:05:14 +0000
Processing by PortfolioController#index as HTML
  Rendering layout layouts/application.html.erb
  Rendering portfolio/index.html.erb within layouts/application
  Rendered portfolio/index.html.erb within layouts/application (Duration: 0.5ms | GC: 0.0ms)
  Rendered layout layouts/application.html.erb (Duration: 13.4ms | GC: 0.0ms)
Completed 200 OK in 37ms (Views: 15.1ms | ActiveRecord: 0.0ms (0 queries, 0 cached) | GC: 0.0ms)


Started GET "/service-worker" for ::1 at 2025-11-25 12:05:16 +0000
  
ActionController::RoutingError (No route matches [GET] "/service-worker"):
  
Writing application-8355f294.js
Writing application-07ea456c.css
Started GET "/" for ::1 at 2025-11-25 12:05:28 +0000
  [1m[36mActiveRecord::SchemaMigration Load (0.1ms)[0m  [1m[34mSELECT "schema_migrations"."version" FROM "schema_migrations" ORDER BY "schema_migrations"."version" ASC /*application='Porfolio'*/[0m
Processing by PortfolioController#index as HTML
  Rendering layout layouts/application.html.erb
  Rendering portfolio/index.html.erb within layouts/application
  Rendered portfolio/index.html.erb within layouts/application (Duration: 0.6ms | GC: 0.0ms)
  Rendered layout layouts/application.html.erb (Duration: 16.0ms | GC: 9.5ms)
Completed 200 OK in 41ms (Views: 18.1ms | ActiveRecord: 0.0ms (0 queries, 0 cached) | GC: 10.5ms)


